<?xml version="1.0" encoding="UTF-8"?>
<!-- Generated by org.testng.reporters.JUnitXMLReporter -->
<testsuite ignored="0" hostname="WINDOWS-NBFRO6B" failures="0" tests="10" name="Surefire test" time="19.957" errors="0" timestamp="2023-07-24T16:43:04 IST">
  <testcase classname="api.test.DatadriveTest" name="testPostUserDD" time="4.767"/>
  <testcase classname="api.test.DatadriveTest" name="testPostUserDD" time="1.17"/>
  <testcase classname="api.test.DatadriveTest" name="testPostUserDD" time="1.124"/>
  <testcase classname="api.test.DatadriveTest" name="testDeleteuserByName" time="1.238"/>
  <testcase classname="api.test.DatadriveTest" name="testDeleteuserByName" time="1.115"/>
  <testcase classname="api.test.DatadriveTest" name="testDeleteuserByName" time="1.096"/>
  <testcase classname="api.test.UserTests" name="testPostUser" time="1.103"/>
  <testcase classname="api.test.UserTests" name="testgetUser" time="1.139"/>
  <testcase classname="api.test.UserTests" name="testUpdateUser" time="2.274"/>
  <testcase classname="api.test.UserTests" name="testDeleteUser" time="1.106"/>
</testsuite> <!-- Surefire test -->
