<?xml version="1.0" encoding="UTF-8"?>
<!-- Generated by org.testng.reporters.JUnitXMLReporter -->
<testsuite ignored="0" hostname="WINDOWS-NBFRO6B" failures="0" tests="6" name="Default test" time="13.518" errors="0" timestamp="2023-07-21T17:26:38 IST">
  <testcase classname="api.test.DatadriveTest" name="testPostUserDD" time="5.088"/>
  <testcase classname="api.test.DatadriveTest" name="testPostUserDD" time="1.217"/>
  <testcase classname="api.test.DatadriveTest" name="testPostUserDD" time="1.146"/>
  <testcase classname="api.test.DatadriveTest" name="testDeleteuserByName" time="1.231"/>
  <testcase classname="api.test.DatadriveTest" name="testDeleteuserByName" time="1.11"/>
  <testcase classname="api.test.DatadriveTest" name="testDeleteuserByName" time="1.118"/>
</testsuite> <!-- Default test -->
