<?xml version="1.0" encoding="UTF-8"?>
<!-- Generated by org.testng.reporters.JUnitXMLReporter -->
<testsuite ignored="0" hostname="WINDOWS-NBFRO6B" failures="0" tests="4" name="Test" time="11.477" errors="0" timestamp="2023-07-24T15:51:36 IST">
  <testcase classname="api.test.UserTests2" name="testPostUser" time="5.491"/>
  <testcase classname="api.test.UserTests2" name="testgetUser" time="1.127"/>
  <testcase classname="api.test.UserTests2" name="testUpdateUser" time="2.287"/>
  <testcase classname="api.test.UserTests2" name="testDeleteUser" time="1.225"/>
</testsuite> <!-- Test -->
