<?xml version="1.0" encoding="UTF-8"?>
<testng-results ignored="0" total="10" passed="10" failed="0" skipped="0">
  <reporter-output>
  </reporter-output>
  <suite started-at="2023-07-24T16:42:44 IST" name="Surefire suite" finished-at="2023-07-24T16:43:04 IST" duration-ms="19957">
    <groups>
    </groups>
    <test started-at="2023-07-24T16:42:44 IST" name="Surefire test" finished-at="2023-07-24T16:43:04 IST" duration-ms="19957">
      <class name="api.test.UserTests">
        <test-method is-config="true" signature="setup()[pri:0, instance:api.test.UserTests@3c73951]" started-at="2023-07-24T16:42:58 IST" name="setup" finished-at="2023-07-24T16:42:58 IST" duration-ms="412" status="PASS">
          <reporter-output>
          </reporter-output>
        </test-method> <!-- setup -->
        <test-method signature="testPostUser()[pri:1, instance:api.test.UserTests@3c73951]" started-at="2023-07-24T16:42:58 IST" name="testPostUser" finished-at="2023-07-24T16:42:59 IST" duration-ms="1103" status="PASS">
          <reporter-output>
          </reporter-output>
        </test-method> <!-- testPostUser -->
        <test-method signature="testgetUser()[pri:2, instance:api.test.UserTests@3c73951]" started-at="2023-07-24T16:42:59 IST" name="testgetUser" finished-at="2023-07-24T16:43:00 IST" duration-ms="1139" status="PASS">
          <reporter-output>
          </reporter-output>
        </test-method> <!-- testgetUser -->
        <test-method signature="testUpdateUser()[pri:3, instance:api.test.UserTests@3c73951]" started-at="2023-07-24T16:43:00 IST" name="testUpdateUser" finished-at="2023-07-24T16:43:03 IST" duration-ms="2274" status="PASS">
          <reporter-output>
          </reporter-output>
        </test-method> <!-- testUpdateUser -->
        <test-method signature="testDeleteUser()[pri:4, instance:api.test.UserTests@3c73951]" started-at="2023-07-24T16:43:03 IST" name="testDeleteUser" finished-at="2023-07-24T16:43:04 IST" duration-ms="1106" status="PASS">
          <reporter-output>
          </reporter-output>
        </test-method> <!-- testDeleteUser -->
      </class> <!-- api.test.UserTests -->
      <class name="api.test.DatadriveTest">
        <test-method signature="testPostUserDD(java.lang.String,java.lang.String,java.lang.String,java.lang.String,java.lang.String,java.lang.String,java.lang.String)[pri:1, instance:api.test.DatadriveTest@77eca502]" started-at="2023-07-24T16:42:47 IST" name="testPostUserDD" data-provider="data" finished-at="2023-07-24T16:42:52 IST" duration-ms="4767" status="PASS">
          <params>
            <param index="0">
              <value>
                <![CDATA[1010]]>
              </value>
            </param>
            <param index="1">
              <value>
                <![CDATA[testuser1]]>
              </value>
            </param>
            <param index="2">
              <value>
                <![CDATA[John]]>
              </value>
            </param>
            <param index="3">
              <value>
                <![CDATA[Candy]]>
              </value>
            </param>
            <param index="4">
              <value>
                <![CDATA[a@gmail.com]]>
              </value>
            </param>
            <param index="5">
              <value>
                <![CDATA[test@1]]>
              </value>
            </param>
            <param index="6">
              <value>
                <![CDATA[122345677]]>
              </value>
            </param>
          </params>
          <reporter-output>
          </reporter-output>
        </test-method> <!-- testPostUserDD -->
        <test-method signature="testPostUserDD(java.lang.String,java.lang.String,java.lang.String,java.lang.String,java.lang.String,java.lang.String,java.lang.String)[pri:1, instance:api.test.DatadriveTest@77eca502]" started-at="2023-07-24T16:42:52 IST" name="testPostUserDD" data-provider="data" finished-at="2023-07-24T16:42:53 IST" duration-ms="1170" status="PASS">
          <params>
            <param index="0">
              <value>
                <![CDATA[1020]]>
              </value>
            </param>
            <param index="1">
              <value>
                <![CDATA[testuser2]]>
              </value>
            </param>
            <param index="2">
              <value>
                <![CDATA[Kom]]>
              </value>
            </param>
            <param index="3">
              <value>
                <![CDATA[Kim]]>
              </value>
            </param>
            <param index="4">
              <value>
                <![CDATA[b@gmail.com]]>
              </value>
            </param>
            <param index="5">
              <value>
                <![CDATA[test@2]]>
              </value>
            </param>
            <param index="6">
              <value>
                <![CDATA[1223456787]]>
              </value>
            </param>
          </params>
          <reporter-output>
          </reporter-output>
        </test-method> <!-- testPostUserDD -->
        <test-method signature="testPostUserDD(java.lang.String,java.lang.String,java.lang.String,java.lang.String,java.lang.String,java.lang.String,java.lang.String)[pri:1, instance:api.test.DatadriveTest@77eca502]" started-at="2023-07-24T16:42:53 IST" name="testPostUserDD" data-provider="data" finished-at="2023-07-24T16:42:54 IST" duration-ms="1124" status="PASS">
          <params>
            <param index="0">
              <value>
                <![CDATA[1021]]>
              </value>
            </param>
            <param index="1">
              <value>
                <![CDATA[testuser3]]>
              </value>
            </param>
            <param index="2">
              <value>
                <![CDATA[Kom]]>
              </value>
            </param>
            <param index="3">
              <value>
                <![CDATA[Kim]]>
              </value>
            </param>
            <param index="4">
              <value>
                <![CDATA[b@gmail.com]]>
              </value>
            </param>
            <param index="5">
              <value>
                <![CDATA[test@3]]>
              </value>
            </param>
            <param index="6">
              <value>
                <![CDATA[1223456788]]>
              </value>
            </param>
          </params>
          <reporter-output>
          </reporter-output>
        </test-method> <!-- testPostUserDD -->
        <test-method signature="testDeleteuserByName(java.lang.String)[pri:2, instance:api.test.DatadriveTest@77eca502]" started-at="2023-07-24T16:42:54 IST" name="testDeleteuserByName" data-provider="UserName" finished-at="2023-07-24T16:42:55 IST" duration-ms="1238" status="PASS">
          <params>
            <param index="0">
              <value>
                <![CDATA[testuser1]]>
              </value>
            </param>
          </params>
          <reporter-output>
          </reporter-output>
        </test-method> <!-- testDeleteuserByName -->
        <test-method signature="testDeleteuserByName(java.lang.String)[pri:2, instance:api.test.DatadriveTest@77eca502]" started-at="2023-07-24T16:42:55 IST" name="testDeleteuserByName" data-provider="UserName" finished-at="2023-07-24T16:42:57 IST" duration-ms="1115" status="PASS">
          <params>
            <param index="0">
              <value>
                <![CDATA[testuser2]]>
              </value>
            </param>
          </params>
          <reporter-output>
          </reporter-output>
        </test-method> <!-- testDeleteuserByName -->
        <test-method signature="testDeleteuserByName(java.lang.String)[pri:2, instance:api.test.DatadriveTest@77eca502]" started-at="2023-07-24T16:42:57 IST" name="testDeleteuserByName" data-provider="UserName" finished-at="2023-07-24T16:42:58 IST" duration-ms="1096" status="PASS">
          <params>
            <param index="0">
              <value>
                <![CDATA[testuser3]]>
              </value>
            </param>
          </params>
          <reporter-output>
          </reporter-output>
        </test-method> <!-- testDeleteuserByName -->
      </class> <!-- api.test.DatadriveTest -->
    </test> <!-- Surefire test -->
  </suite> <!-- Surefire suite -->
</testng-results>
